d:\documenti\unimi\gpu computing\unimi-gpu-computing-project\source\gpu-computing\x64\debug\vc143.pdb
d:\documenti\unimi\gpu computing\unimi-gpu-computing-project\source\gpu-computing\x64\debug\vc143.idb
d:\documenti\unimi\gpu computing\unimi-gpu-computing-project\source\gpu-computing\x64\debug\sequential.obj
d:\documenti\unimi\gpu computing\unimi-gpu-computing-project\source\gpu-computing\x64\debug\data.obj
d:\documenti\unimi\gpu computing\unimi-gpu-computing-project\source\gpu-computing\x64\debug\example.cu.obj
d:\documenti\unimi\gpu computing\unimi-gpu-computing-project\source\gpu-computing\x64\debug\kernel.cu.obj
d:\documenti\unimi\gpu computing\unimi-gpu-computing-project\source\gpu-computing\x64\debug\main.cu.obj
d:\documenti\unimi\gpu computing\unimi-gpu-computing-project\source\gpu-computing\x64\debug\gpu-computing.lib
d:\documenti\unimi\gpu computing\unimi-gpu-computing-project\source\gpu-computing\x64\debug\gpu-computing.exp
d:\documenti\unimi\gpu computing\unimi-gpu-computing-project\source\gpu-computing\x64\debug\example.cu.cache
d:\documenti\unimi\gpu computing\unimi-gpu-computing-project\source\gpu-computing\x64\debug\kernel.cu.cache
d:\documenti\unimi\gpu computing\unimi-gpu-computing-project\source\gpu-computing\x64\debug\main.cu.cache
d:\documenti\unimi\gpu computing\unimi-gpu-computing-project\source\gpu-computing\x64\debug\gpu-computing.ilk
d:\documenti\unimi\gpu computing\unimi-gpu-computing-project\source\gpu-computing\x64\debug\gpu-computing.pdb
d:\documenti\unimi\gpu computing\unimi-gpu-computing-project\source\gpu-computing\x64\debug\gpu-computing.tlog\cl.command.1.tlog
d:\documenti\unimi\gpu computing\unimi-gpu-computing-project\source\gpu-computing\x64\debug\gpu-computing.tlog\cl.items.tlog
d:\documenti\unimi\gpu computing\unimi-gpu-computing-project\source\gpu-computing\x64\debug\gpu-computing.tlog\cl.read.1.tlog
d:\documenti\unimi\gpu computing\unimi-gpu-computing-project\source\gpu-computing\x64\debug\gpu-computing.tlog\cl.write.1.tlog
d:\documenti\unimi\gpu computing\unimi-gpu-computing-project\source\gpu-computing\x64\debug\gpu-computing.tlog\cudacompile.read.1u.tlog
d:\documenti\unimi\gpu computing\unimi-gpu-computing-project\source\gpu-computing\x64\debug\gpu-computing.tlog\cudacompile.write.1u.tlog
d:\documenti\unimi\gpu computing\unimi-gpu-computing-project\source\gpu-computing\x64\debug\gpu-computing.tlog\link.command.1.tlog
d:\documenti\unimi\gpu computing\unimi-gpu-computing-project\source\gpu-computing\x64\debug\gpu-computing.tlog\link.read.1.tlog
d:\documenti\unimi\gpu computing\unimi-gpu-computing-project\source\gpu-computing\x64\debug\gpu-computing.tlog\link.write.1.tlog
d:\documenti\unimi\gpu computing\unimi-gpu-computing-project\source\gpu-computing\x64\debug\gpu-computing.tlog\link.write.2u.tlog
