  Compiling CUDA source file example.cu...
  Compiling CUDA source file sequential.cpp...
  Compiling CUDA source file main.cu...
  Compiling CUDA source file kernel.cu...
  
  D:\Progetti\GPU-Computing\Unimi-GPU-Computing-Project\Source\GPU-Computing>"C:\Program Files\NVIDIA GPU Computing Toolkit\CUDA\v12.1\bin\nvcc.exe" -gencode=arch=compute_52,code=\"sm_52,compute_52\" --use-local-env -ccbin "C:\Program Files\Microsoft Visual Studio\2022\Community\VC\Tools\MSVC\14.35.32215\bin\HostX64\x64" -x cu   -I"C:\Program Files\NVIDIA GPU Computing Toolkit\CUDA\v12.1\include" -I"C:\Program Files\NVIDIA GPU Computing Toolkit\CUDA\v12.1\include"  -G   --keep-dir x64\Debug  -maxrregcount=0   --machine 64 --compile -cudart static  -g  -DWIN32 -DWIN64 -D_DEBUG -D_CONSOLE -D_MBCS -Xcompiler "/EHsc /W3 /nologo /Od /FS /Zi /RTC1 /MDd " -Xcompiler "/Fdx64\Debug\vc143.pdb" -o D:\Progetti\GPU-Computing\Unimi-GPU-Computing-Project\Source\GPU-Computing\x64\Debug\sequential.cpp.obj "D:\Progetti\GPU-Computing\Unimi-GPU-Computing-Project\Source\GPU-Computing\sequential.cpp" 
  
  D:\Progetti\GPU-Computing\Unimi-GPU-Computing-Project\Source\GPU-Computing>"C:\Program Files\NVIDIA GPU Computing Toolkit\CUDA\v12.1\bin\nvcc.exe" -gencode=arch=compute_52,code=\"sm_52,compute_52\" --use-local-env -ccbin "C:\Program Files\Microsoft Visual Studio\2022\Community\VC\Tools\MSVC\14.35.32215\bin\HostX64\x64" -x cu   -I"C:\Program Files\NVIDIA GPU Computing Toolkit\CUDA\v12.1\include" -I"C:\Program Files\NVIDIA GPU Computing Toolkit\CUDA\v12.1\include"  -G   --keep-dir x64\Debug  -maxrregcount=0   --machine 64 --compile -cudart static  -g  -DWIN32 -DWIN64 -D_DEBUG -D_CONSOLE -D_MBCS -Xcompiler "/EHsc /W3 /nologo /Od /FS /Zi /RTC1 /MDd " -Xcompiler "/Fdx64\Debug\vc143.pdb" -o D:\Progetti\GPU-Computing\Unimi-GPU-Computing-Project\Source\GPU-Computing\x64\Debug\main.cu.obj "D:\Progetti\GPU-Computing\Unimi-GPU-Computing-Project\Source\GPU-Computing\main.cu" 
  
  D:\Progetti\GPU-Computing\Unimi-GPU-Computing-Project\Source\GPU-Computing>"C:\Program Files\NVIDIA GPU Computing Toolkit\CUDA\v12.1\bin\nvcc.exe" -gencode=arch=compute_52,code=\"sm_52,compute_52\" --use-local-env -ccbin "C:\Program Files\Microsoft Visual Studio\2022\Community\VC\Tools\MSVC\14.35.32215\bin\HostX64\x64" -x cu   -I"C:\Program Files\NVIDIA GPU Computing Toolkit\CUDA\v12.1\include" -I"C:\Program Files\NVIDIA GPU Computing Toolkit\CUDA\v12.1\include"  -G   --keep-dir x64\Debug  -maxrregcount=0   --machine 64 --compile -cudart static  -g  -DWIN32 -DWIN64 -D_DEBUG -D_CONSOLE -D_MBCS -Xcompiler "/EHsc /W3 /nologo /Od /FS /Zi /RTC1 /MDd " -Xcompiler "/Fdx64\Debug\vc143.pdb" -o D:\Progetti\GPU-Computing\Unimi-GPU-Computing-Project\Source\GPU-Computing\x64\Debug\example.cu.obj "D:\Progetti\GPU-Computing\Unimi-GPU-Computing-Project\Source\GPU-Computing\example.cu" 
  
  D:\Progetti\GPU-Computing\Unimi-GPU-Computing-Project\Source\GPU-Computing>"C:\Program Files\NVIDIA GPU Computing Toolkit\CUDA\v12.1\bin\nvcc.exe" -gencode=arch=compute_52,code=\"sm_52,compute_52\" --use-local-env -ccbin "C:\Program Files\Microsoft Visual Studio\2022\Community\VC\Tools\MSVC\14.35.32215\bin\HostX64\x64" -x cu   -I"C:\Program Files\NVIDIA GPU Computing Toolkit\CUDA\v12.1\include" -I"C:\Program Files\NVIDIA GPU Computing Toolkit\CUDA\v12.1\include"  -G   --keep-dir x64\Debug  -maxrregcount=0   --machine 64 --compile -cudart static  -g  -DWIN32 -DWIN64 -D_DEBUG -D_CONSOLE -D_MBCS -Xcompiler "/EHsc /W3 /nologo /Od /FS /Zi /RTC1 /MDd " -Xcompiler "/Fdx64\Debug\vc143.pdb" -o D:\Progetti\GPU-Computing\Unimi-GPU-Computing-Project\Source\GPU-Computing\x64\Debug\kernel.cu.obj "D:\Progetti\GPU-Computing\Unimi-GPU-Computing-Project\Source\GPU-Computing\kernel.cu" 
  example.cu
  tmpxft_00000c44_00000000-7_example.cudafe1.cpp
  main.cu
  tmpxft_00004394_00000000-7_main.cudafe1.cpp
  sequential.cpp
  kernel.cu
  tmpxft_0000354c_00000000-7_sequential.cudafe1.cpp
  tmpxft_000014c8_00000000-7_kernel.cudafe1.cpp
  data.cpp
D:\Progetti\GPU-Computing\Unimi-GPU-Computing-Project\Source\GPU-Computing\data.cpp(31,12): warning C4996: 'fopen': This function or variable may be unsafe. Consider using fopen_s instead. To disable deprecation, use _CRT_SECURE_NO_WARNINGS. See online help for details.
D:\Progetti\GPU-Computing\Unimi-GPU-Computing-Project\Source\GPU-Computing\data.cpp(41,17): warning C4996: 'strtok': This function or variable may be unsafe. Consider using strtok_s instead. To disable deprecation, use _CRT_SECURE_NO_WARNINGS. See online help for details.
D:\Progetti\GPU-Computing\Unimi-GPU-Computing-Project\Source\GPU-Computing\data.cpp(47,21): warning C4996: 'strtok': This function or variable may be unsafe. Consider using strtok_s instead. To disable deprecation, use _CRT_SECURE_NO_WARNINGS. See online help for details.
     Creazione della libreria D:\Progetti\GPU-Computing\Unimi-GPU-Computing-Project\Source\GPU-Computing\x64\Debug\GPU-Computing.lib e dell'oggetto D:\Progetti\GPU-Computing\Unimi-GPU-Computing-Project\Source\GPU-Computing\x64\Debug\GPU-Computing.exp
LINK : warning LNK4098: la libreria predefinita 'LIBCMT' è in conflitto con l'utilizzo di altre librerie; usare /NODEFAULTLIB:libreria
  GPU-Computing.vcxproj -> D:\Progetti\GPU-Computing\Unimi-GPU-Computing-Project\Source\GPU-Computing\x64\Debug\GPU-Computing.exe
